<?xml version="1.0" encoding="UTF-8"?>
<!-- Generated by org.testng.reporters.JUnitXMLReporter -->
<testsuite hostname="tamis-mbp-2.lan" ignored="0" name="Default test" tests="3" failures="0" timestamp="2020-01-06T17:03:08 AEDT" time="41.662" errors="0">
  <testcase name="generalLights" time="16.902" classname="automation.HomePageTest"/>
  <testcase name="homeEntertainment" time="9.051" classname="automation.HomePageTest"/>
  <testcase name="shop" time="3.458" classname="automation.HomePageTest"/>
</testsuite> <!-- Default test -->
