<?xml version="1.0" encoding="UTF-8"?>
<!-- Generated by org.testng.reporters.JUnitXMLReporter -->
<testsuite hostname="tamis-mbp-2.lan" ignored="0" name="HomePageTest" tests="3" failures="0" timestamp="2020-01-06T17:28:26 AEDT" time="43.19" errors="0">
  <testcase name="generalLights" time="17.385" classname="automation.HomePageTest"/>
  <testcase name="homeEntertainment" time="9.642" classname="automation.HomePageTest"/>
  <testcase name="shop" time="3.781" classname="automation.HomePageTest"/>
</testsuite> <!-- HomePageTest -->
