<?xml version="1.0" encoding="UTF-8"?>
<testng-results skipped="0" failed="0" ignored="0" total="3" passed="3">
  <reporter-output>
  </reporter-output>
  <suite name="Suite" duration-ms="42428" started-at="2020-01-06T17:38:00 AEDT" finished-at="2020-01-06T17:38:42 AEDT">
    <groups>
    </groups>
    <test name="Test" duration-ms="42428" started-at="2020-01-06T17:38:00 AEDT" finished-at="2020-01-06T17:38:42 AEDT">
      <class name="automation.HomePageTest">
        <test-method status="PASS" signature="landingPage()[pri:0, instance:automation.HomePageTest@20d525]" name="landingPage" is-config="true" duration-ms="14218" started-at="2020-01-06T17:38:00 AEDT" finished-at="2020-01-06T17:38:14 AEDT">
          <reporter-output>
          </reporter-output>
        </test-method> <!-- landingPage -->
        <test-method status="PASS" signature="generalLights()[pri:0, instance:automation.HomePageTest@20d525]" name="generalLights" duration-ms="16225" started-at="2020-01-06T17:38:14 AEDT" finished-at="2020-01-06T17:38:30 AEDT">
          <reporter-output>
          </reporter-output>
        </test-method> <!-- generalLights -->
        <test-method status="PASS" signature="homeEntertainment()[pri:0, instance:automation.HomePageTest@20d525]" name="homeEntertainment" duration-ms="8423" started-at="2020-01-06T17:38:30 AEDT" finished-at="2020-01-06T17:38:39 AEDT">
          <reporter-output>
          </reporter-output>
        </test-method> <!-- homeEntertainment -->
        <test-method status="PASS" signature="shop()[pri:0, instance:automation.HomePageTest@20d525]" name="shop" duration-ms="3292" started-at="2020-01-06T17:38:39 AEDT" finished-at="2020-01-06T17:38:42 AEDT">
          <reporter-output>
          </reporter-output>
        </test-method> <!-- shop -->
        <test-method status="PASS" signature="teardown()[pri:0, instance:automation.HomePageTest@20d525]" name="teardown" is-config="true" duration-ms="201" started-at="2020-01-06T17:38:42 AEDT" finished-at="2020-01-06T17:38:42 AEDT">
          <reporter-output>
          </reporter-output>
        </test-method> <!-- teardown -->
      </class> <!-- automation.HomePageTest -->
    </test> <!-- Test -->
  </suite> <!-- Suite -->
</testng-results>
